{"C:\\Training\\Simple\\project\\react02\\src\\api\\authApi.ts": {"path":"C:\\Training\\Simple\\project\\react02\\src\\api\\authApi.ts","statementMap":{"0":{"start":{"line":1,"column":0},"end":{"line":1,"column":7}},"1":{"start":{"line":27,"column":0},"end":{"line":27,"column":7}},"2":{"start":{"line":2,"column":19},"end":{"line":11,"column":4}},"3":{"start":{"line":13,"column":15},"end":{"line":13,"column":36}},"4":{"start":{"line":16,"column":0},"end":{"line":16,"column":58}},"5":{"start":{"line":16,"column":31},"end":{"line":16,"column":56}},"6":{"start":{"line":19,"column":2},"end":{"line":21,"column":3}},"7":{"start":{"line":20,"column":4},"end":{"line":20,"column":52}},"8":{"start":{"line":23,"column":2},"end":{"line":23,"column":14}},"9":{"start":{"line":28,"column":14},"end":{"line":28,"column":53}},"10":{"start":{"line":29,"column":2},"end":{"line":29,"column":58}},"11":{"start":{"line":29,"column":15},"end":{"line":29,"column":58}},"12":{"start":{"line":30,"column":2},"end":{"line":30,"column":20}}},"fnMap":{"0":{"name":"loginApi","decl":{"start":{"line":1,"column":22},"end":{"line":1,"column":30}},"loc":{"start":{"line":1,"column":62},"end":{"line":24,"column":1}}},"1":{"name":"(anonymous_1)","decl":{"start":{"line":16,"column":18},"end":{"line":16,"column":19}},"loc":{"start":{"line":16,"column":31},"end":{"line":16,"column":56}}},"2":{"name":"fetchMe","decl":{"start":{"line":27,"column":22},"end":{"line":27,"column":29}},"loc":{"start":{"line":27,"column":29},"end":{"line":31,"column":1}}}},"branchMap":{"0":{"loc":{"start":{"line":19,"column":2},"end":{"line":21,"column":3}},"type":"if","locations":[{"start":{"line":19,"column":2},"end":{"line":21,"column":3}},{"start":{},"end":{}}]},"1":{"loc":{"start":{"line":20,"column":20},"end":{"line":20,"column":50}},"type":"binary-expr","locations":[{"start":{"line":20,"column":20},"end":{"line":20,"column":32}},{"start":{"line":20,"column":36},"end":{"line":20,"column":50}}]},"2":{"loc":{"start":{"line":29,"column":2},"end":{"line":29,"column":58}},"type":"if","locations":[{"start":{"line":29,"column":2},"end":{"line":29,"column":58}},{"start":{},"end":{}}]}},"s":{"0":1,"1":1,"2":0,"3":0,"4":0,"5":0,"6":0,"7":0,"8":0,"9":0,"10":0,"11":0,"12":0},"f":{"0":0,"1":0,"2":0},"b":{"0":[0,0],"1":[0,0],"2":[0,0]}}
,"C:\\Training\\Simple\\project\\react02\\src\\components\\ClassCounter.tsx": {"path":"C:\\Training\\Simple\\project\\react02\\src\\components\\ClassCounter.tsx","statementMap":{"0":{"start":{"line":1,"column":0},"end":{"line":1,"column":26}},"1":{"start":{"line":8,"column":2},"end":{"line":10,"column":4}},"2":{"start":{"line":14,"column":2},"end":{"line":14,"column":39}},"3":{"start":{"line":15,"column":4},"end":{"line":32,"column":6}},"4":{"start":{"line":21,"column":12},"end":{"line":21,"column":58}},"5":{"start":{"line":36,"column":0},"end":{"line":36,"column":28}}},"fnMap":{"0":{"name":"(anonymous_1)","decl":{"start":{"line":7,"column":0},"end":{"line":7,"column":6}},"loc":{"start":{"line":7,"column":0},"end":{"line":34,"column":1}}},"1":{"name":"(anonymous_2)","decl":{"start":{"line":12,"column":2},"end":{"line":12,"column":8}},"loc":{"start":{"line":12,"column":8},"end":{"line":33,"column":3}}},"2":{"name":"(anonymous_3)","decl":{"start":{"line":20,"column":19},"end":{"line":20,"column":22}},"loc":{"start":{"line":21,"column":12},"end":{"line":21,"column":58}}}},"branchMap":{},"s":{"0":1,"1":0,"2":0,"3":0,"4":0,"5":1},"f":{"0":0,"1":0,"2":0},"b":{}}
,"C:\\Training\\Simple\\project\\react02\\src\\context\\AuthContext.tsx": {"path":"C:\\Training\\Simple\\project\\react02\\src\\context\\AuthContext.tsx","statementMap":{"0":{"start":{"line":41,"column":9},"end":{"line":41,"column":21}},"1":{"start":{"line":1,"column":0},"end":{"line":1,"column":59}},"2":{"start":{"line":9,"column":20},"end":{"line":9,"column":63}},"3":{"start":{"line":16,"column":48},"end":{"line":17,"column":null}},"4":{"start":{"line":22,"column":14},"end":{"line":25,"column":1}},"5":{"start":{"line":23,"column":2},"end":{"line":23,"column":27}},"6":{"start":{"line":24,"column":2},"end":{"line":24,"column":39}},"7":{"start":{"line":28,"column":15},"end":{"line":31,"column":1}},"8":{"start":{"line":29,"column":2},"end":{"line":29,"column":28}},"9":{"start":{"line":30,"column":2},"end":{"line":30,"column":34}},"10":{"start":{"line":34,"column":2},"end":{"line":38,"column":4}},"11":{"start":{"line":42,"column":0},"end":{"line":42,"column":27}}},"fnMap":{"0":{"name":"AuthProvider","decl":{"start":{"line":15,"column":9},"end":{"line":15,"column":21}},"loc":{"start":{"line":15,"column":53},"end":{"line":39,"column":1}}},"1":{"name":"(anonymous_1)","decl":{"start":{"line":22,"column":14},"end":{"line":22,"column":17}},"loc":{"start":{"line":22,"column":19},"end":{"line":25,"column":1}}},"2":{"name":"(anonymous_2)","decl":{"start":{"line":28,"column":15},"end":{"line":28,"column":18}},"loc":{"start":{"line":28,"column":20},"end":{"line":31,"column":1}}}},"branchMap":{},"s":{"0":1,"1":1,"2":1,"3":0,"4":0,"5":0,"6":0,"7":0,"8":0,"9":0,"10":0,"11":1},"f":{"0":0,"1":0,"2":0},"b":{}}
,"C:\\Training\\Simple\\project\\react02\\src\\hoc\\withAuthGuard.tsx": {"path":"C:\\Training\\Simple\\project\\react02\\src\\hoc\\withAuthGuard.tsx","statementMap":{"0":{"start":{"line":1,"column":0},"end":{"line":1,"column":42}},"1":{"start":{"line":2,"column":0},"end":{"line":2,"column":49}},"2":{"start":{"line":3,"column":0},"end":{"line":3,"column":40}},"3":{"start":{"line":7,"column":2},"end":{"line":34,"column":4}},"4":{"start":{"line":8,"column":17},"end":{"line":8,"column":40}},"5":{"start":{"line":10,"column":4},"end":{"line":10,"column":42}},"6":{"start":{"line":12,"column":4},"end":{"line":31,"column":5}},"7":{"start":{"line":13,"column":6},"end":{"line":29,"column":2}},"8":{"start":{"line":33,"column":4},"end":{"line":33,"column":34}},"9":{"start":{"line":37,"column":0},"end":{"line":37,"column":29}}},"fnMap":{"0":{"name":"withAuthGuard","decl":{"start":{"line":6,"column":9},"end":{"line":6,"column":22}},"loc":{"start":{"line":6,"column":56},"end":{"line":35,"column":1}}},"1":{"name":"Guarded","decl":{"start":{"line":7,"column":18},"end":{"line":7,"column":25}},"loc":{"start":{"line":7,"column":36},"end":{"line":34,"column":3}}}},"branchMap":{"0":{"loc":{"start":{"line":12,"column":4},"end":{"line":31,"column":5}},"type":"if","locations":[{"start":{"line":12,"column":4},"end":{"line":31,"column":5}},{"start":{},"end":{}}]}},"s":{"0":1,"1":1,"2":1,"3":1,"4":0,"5":0,"6":0,"7":0,"8":0,"9":1},"f":{"0":1,"1":0},"b":{"0":[0,0]}}
,"C:\\Training\\Simple\\project\\react02\\src\\pages\\Dashboard.tsx": {"path":"C:\\Training\\Simple\\project\\react02\\src\\pages\\Dashboard.tsx","statementMap":{"0":{"start":{"line":11,"column":0},"end":{"line":11,"column":16}},"1":{"start":{"line":1,"column":0},"end":{"line":1,"column":86}},"2":{"start":{"line":2,"column":0},"end":{"line":2,"column":49}},"3":{"start":{"line":3,"column":0},"end":{"line":3,"column":41}},"4":{"start":{"line":4,"column":0},"end":{"line":4,"column":26}},"5":{"start":{"line":5,"column":0},"end":{"line":5,"column":54}},"6":{"start":{"line":6,"column":0},"end":{"line":6,"column":49}},"7":{"start":{"line":7,"column":0},"end":{"line":7,"column":40}},"8":{"start":{"line":12,"column":2},"end":{"line":12,"column":45}},"9":{"start":{"line":13,"column":15},"end":{"line":13,"column":16}},"10":{"start":{"line":14,"column":2},"end":{"line":17,"column":3}},"11":{"start":{"line":14,"column":15},"end":{"line":14,"column":16}},"12":{"start":{"line":16,"column":4},"end":{"line":16,"column":18}},"13":{"start":{"line":18,"column":2},"end":{"line":18,"column":16}},"14":{"start":{"line":21,"column":18},"end":{"line":35,"column":2}},"15":{"start":{"line":25,"column":2},"end":{"line":25,"column":36}},"16":{"start":{"line":27,"column":2},"end":{"line":34,"column":4}},"17":{"start":{"line":46,"column":22},"end":{"line":48,"column":1}},"18":{"start":{"line":47,"column":2},"end":{"line":47,"column":23}},"19":{"start":{"line":47,"column":16},"end":{"line":47,"column":21}},"20":{"start":{"line":51,"column":20},"end":{"line":53,"column":6}},"21":{"start":{"line":52,"column":2},"end":{"line":52,"column":23}},"22":{"start":{"line":52,"column":16},"end":{"line":52,"column":21}},"23":{"start":{"line":58,"column":36},"end":{"line":58,"column":47}},"24":{"start":{"line":61,"column":32},"end":{"line":61,"column":51}},"25":{"start":{"line":63,"column":44},"end":{"line":63,"column":59}},"26":{"start":{"line":65,"column":28},"end":{"line":65,"column":39}},"27":{"start":{"line":66,"column":26},"end":{"line":66,"column":38}},"28":{"start":{"line":68,"column":26},"end":{"line":70,"column":13}},"29":{"start":{"line":69,"column":4},"end":{"line":69,"column":34}},"30":{"start":{"line":72,"column":15},"end":{"line":72,"column":38}},"31":{"start":{"line":74,"column":2},"end":{"line":74,"column":25}},"32":{"start":{"line":74,"column":13},"end":{"line":74,"column":25}},"33":{"start":{"line":75,"column":38},"end":{"line":75,"column":42}},"34":{"start":{"line":78,"column":0},"end":{"line":80,"column":7}},"35":{"start":{"line":79,"column":2},"end":{"line":79,"column":35}},"36":{"start":{"line":82,"column":0},"end":{"line":90,"column":7}},"37":{"start":{"line":83,"column":2},"end":{"line":89,"column":7}},"38":{"start":{"line":85,"column":6},"end":{"line":85,"column":23}},"39":{"start":{"line":88,"column":6},"end":{"line":88,"column":25}},"40":{"start":{"line":92,"column":0},"end":{"line":95,"column":7}},"41":{"start":{"line":93,"column":2},"end":{"line":93,"column":37}},"42":{"start":{"line":94,"column":2},"end":{"line":94,"column":27}},"43":{"start":{"line":94,"column":20},"end":{"line":94,"column":25}},"44":{"start":{"line":98,"column":22},"end":{"line":98,"column":39}},"45":{"start":{"line":101,"column":0},"end":{"line":103,"column":22}},"46":{"start":{"line":102,"column":2},"end":{"line":102,"column":40}},"47":{"start":{"line":106,"column":0},"end":{"line":106,"column":48}},"48":{"start":{"line":108,"column":2},"end":{"line":186,"column":4}},"49":{"start":{"line":120,"column":23},"end":{"line":120,"column":42}},"50":{"start":{"line":146,"column":25},"end":{"line":146,"column":48}},"51":{"start":{"line":175,"column":6},"end":{"line":175,"column":29}},"52":{"start":{"line":176,"column":6},"end":{"line":176,"column":39}},"53":{"start":{"line":176,"column":23},"end":{"line":176,"column":31}},"54":{"start":{"line":191,"column":0},"end":{"line":191,"column":40}}},"fnMap":{"0":{"name":"slowCalculation","decl":{"start":{"line":11,"column":16},"end":{"line":11,"column":31}},"loc":{"start":{"line":11,"column":43},"end":{"line":19,"column":1}}},"1":{"name":"ChildDemo","decl":{"start":{"line":21,"column":38},"end":{"line":21,"column":47}},"loc":{"start":{"line":22,"column":40},"end":{"line":35,"column":1}}},"2":{"name":"Dashboard","decl":{"start":{"line":40,"column":9},"end":{"line":40,"column":18}},"loc":{"start":{"line":40,"column":18},"end":{"line":187,"column":1}}},"3":{"name":"(anonymous_4)","decl":{"start":{"line":46,"column":22},"end":{"line":46,"column":25}},"loc":{"start":{"line":46,"column":27},"end":{"line":48,"column":1}}},"4":{"name":"(anonymous_5)","decl":{"start":{"line":47,"column":11},"end":{"line":47,"column":12}},"loc":{"start":{"line":47,"column":16},"end":{"line":47,"column":21}}},"5":{"name":"(anonymous_6)","decl":{"start":{"line":51,"column":32},"end":{"line":51,"column":35}},"loc":{"start":{"line":51,"column":37},"end":{"line":53,"column":1}}},"6":{"name":"(anonymous_7)","decl":{"start":{"line":52,"column":11},"end":{"line":52,"column":12}},"loc":{"start":{"line":52,"column":16},"end":{"line":52,"column":21}}},"7":{"name":"(anonymous_8)","decl":{"start":{"line":68,"column":34},"end":{"line":68,"column":37}},"loc":{"start":{"line":68,"column":39},"end":{"line":70,"column":3}}},"8":{"name":"(anonymous_9)","decl":{"start":{"line":78,"column":10},"end":{"line":78,"column":13}},"loc":{"start":{"line":78,"column":15},"end":{"line":80,"column":1}}},"9":{"name":"(anonymous_10)","decl":{"start":{"line":82,"column":10},"end":{"line":82,"column":13}},"loc":{"start":{"line":82,"column":15},"end":{"line":90,"column":1}}},"10":{"name":"(anonymous_11)","decl":{"start":{"line":84,"column":10},"end":{"line":84,"column":14}},"loc":{"start":{"line":84,"column":17},"end":{"line":86,"column":5}}},"11":{"name":"(anonymous_12)","decl":{"start":{"line":87,"column":11},"end":{"line":87,"column":14}},"loc":{"start":{"line":87,"column":17},"end":{"line":89,"column":5}}},"12":{"name":"(anonymous_13)","decl":{"start":{"line":92,"column":10},"end":{"line":92,"column":13}},"loc":{"start":{"line":92,"column":15},"end":{"line":95,"column":1}}},"13":{"name":"(anonymous_14)","decl":{"start":{"line":94,"column":15},"end":{"line":94,"column":16}},"loc":{"start":{"line":94,"column":20},"end":{"line":94,"column":25}}},"14":{"name":"(anonymous_15)","decl":{"start":{"line":101,"column":10},"end":{"line":101,"column":13}},"loc":{"start":{"line":101,"column":15},"end":{"line":103,"column":1}}},"15":{"name":"(anonymous_16)","decl":{"start":{"line":120,"column":17},"end":{"line":120,"column":20}},"loc":{"start":{"line":120,"column":23},"end":{"line":120,"column":42}}},"16":{"name":"(anonymous_17)","decl":{"start":{"line":146,"column":18},"end":{"line":146,"column":19}},"loc":{"start":{"line":146,"column":25},"end":{"line":146,"column":48}}},"17":{"name":"(anonymous_18)","decl":{"start":{"line":174,"column":13},"end":{"line":174,"column":16}},"loc":{"start":{"line":174,"column":18},"end":{"line":177,"column":5}}},"18":{"name":"(anonymous_19)","decl":{"start":{"line":176,"column":17},"end":{"line":176,"column":20}},"loc":{"start":{"line":176,"column":23},"end":{"line":176,"column":31}}}},"branchMap":{"0":{"loc":{"start":{"line":74,"column":2},"end":{"line":74,"column":25}},"type":"if","locations":[{"start":{"line":74,"column":2},"end":{"line":74,"column":25}},{"start":{},"end":{}}]},"1":{"loc":{"start":{"line":163,"column":13},"end":{"line":166,"column":null}},"type":"binary-expr","locations":[{"start":{"line":163,"column":13},"end":{"line":163,"column":20}},{"start":{"line":164,"column":2},"end":{"line":165,"column":null}}]},"2":{"loc":{"start":{"line":170,"column":5},"end":{"line":170,"column":84}},"type":"cond-expr","locations":[{"start":{"line":170,"column":21},"end":{"line":170,"column":35}},{"start":{"line":170,"column":38},"end":{"line":170,"column":84}}]},"3":{"loc":{"start":{"line":170,"column":38},"end":{"line":170,"column":84}},"type":"cond-expr","locations":[{"start":{"line":170,"column":56},"end":{"line":170,"column":68}},{"start":{"line":170,"column":71},"end":{"line":170,"column":84}}]}},"s":{"0":1,"1":1,"2":1,"3":1,"4":1,"5":1,"6":1,"7":1,"8":1,"9":1,"10":1,"11":1,"12":1000000000,"13":1,"14":1,"15":0,"16":0,"17":0,"18":0,"19":0,"20":0,"21":0,"22":0,"23":0,"24":0,"25":0,"26":0,"27":0,"28":0,"29":0,"30":0,"31":0,"32":0,"33":0,"34":0,"35":0,"36":0,"37":0,"38":0,"39":0,"40":0,"41":0,"42":0,"43":0,"44":0,"45":0,"46":0,"47":0,"48":0,"49":0,"50":0,"51":0,"52":0,"53":0,"54":1},"f":{"0":1,"1":0,"2":0,"3":0,"4":0,"5":0,"6":0,"7":0,"8":0,"9":0,"10":0,"11":0,"12":0,"13":0,"14":0,"15":0,"16":0,"17":0,"18":0},"b":{"0":[0,0],"1":[0,0],"2":[0,0],"3":[0,0]}}
}
