TN:
SF:src\api\authApi.ts
FN:1,loginApi
FN:16,(anonymous_1)
FN:27,fetchMe
FNF:3
FNH:0
FNDA:0,loginApi
FNDA:0,(anonymous_1)
FNDA:0,fetchMe
DA:1,1
DA:2,0
DA:13,0
DA:16,0
DA:19,0
DA:20,0
DA:23,0
DA:27,1
DA:28,0
DA:29,0
DA:30,0
LF:11
LH:2
BRDA:19,0,0,0
BRDA:19,0,1,0
BRDA:20,1,0,0
BRDA:20,1,1,0
BRDA:29,2,0,0
BRDA:29,2,1,0
BRF:6
BRH:0
end_of_record
TN:
SF:src\components\ClassCounter.tsx
FN:7,(anonymous_1)
FN:12,(anonymous_2)
FN:20,(anonymous_3)
FNF:3
FNH:0
FNDA:0,(anonymous_1)
FNDA:0,(anonymous_2)
FNDA:0,(anonymous_3)
DA:1,1
DA:8,0
DA:14,0
DA:15,0
DA:21,0
DA:36,1
LF:6
LH:2
BRF:0
BRH:0
end_of_record
TN:
SF:src\context\AuthContext.tsx
FN:15,AuthProvider
FN:22,(anonymous_1)
FN:28,(anonymous_2)
FNF:3
FNH:0
FNDA:0,AuthProvider
FNDA:0,(anonymous_1)
FNDA:0,(anonymous_2)
DA:1,1
DA:9,1
DA:16,0
DA:22,0
DA:23,0
DA:24,0
DA:28,0
DA:29,0
DA:30,0
DA:34,0
DA:41,1
DA:42,1
LF:12
LH:4
BRF:0
BRH:0
end_of_record
TN:
SF:src\hoc\withAuthGuard.tsx
FN:6,withAuthGuard
FN:7,Guarded
FNF:2
FNH:1
FNDA:1,withAuthGuard
FNDA:0,Guarded
DA:1,1
DA:2,1
DA:3,1
DA:7,1
DA:8,0
DA:10,0
DA:12,0
DA:13,0
DA:33,0
DA:37,1
LF:10
LH:5
BRDA:12,0,0,0
BRDA:12,0,1,0
BRF:2
BRH:0
end_of_record
TN:
SF:src\pages\Dashboard.tsx
FN:11,slowCalculation
FN:21,ChildDemo
FN:40,Dashboard
FN:46,(anonymous_4)
FN:47,(anonymous_5)
FN:51,(anonymous_6)
FN:52,(anonymous_7)
FN:68,(anonymous_8)
FN:78,(anonymous_9)
FN:82,(anonymous_10)
FN:84,(anonymous_11)
FN:87,(anonymous_12)
FN:92,(anonymous_13)
FN:94,(anonymous_14)
FN:101,(anonymous_15)
FN:120,(anonymous_16)
FN:146,(anonymous_17)
FN:174,(anonymous_18)
FN:176,(anonymous_19)
FNF:19
FNH:1
FNDA:1,slowCalculation
FNDA:0,ChildDemo
FNDA:0,Dashboard
FNDA:0,(anonymous_4)
FNDA:0,(anonymous_5)
FNDA:0,(anonymous_6)
FNDA:0,(anonymous_7)
FNDA:0,(anonymous_8)
FNDA:0,(anonymous_9)
FNDA:0,(anonymous_10)
FNDA:0,(anonymous_11)
FNDA:0,(anonymous_12)
FNDA:0,(anonymous_13)
FNDA:0,(anonymous_14)
FNDA:0,(anonymous_15)
FNDA:0,(anonymous_16)
FNDA:0,(anonymous_17)
FNDA:0,(anonymous_18)
FNDA:0,(anonymous_19)
DA:1,1
DA:2,1
DA:3,1
DA:4,1
DA:5,1
DA:6,1
DA:7,1
DA:11,1
DA:12,1
DA:13,1
DA:14,1
DA:16,1000000000
DA:18,1
DA:21,1
DA:25,0
DA:27,0
DA:46,0
DA:47,0
DA:51,0
DA:52,0
DA:58,0
DA:61,0
DA:63,0
DA:65,0
DA:66,0
DA:68,0
DA:69,0
DA:72,0
DA:74,0
DA:75,0
DA:78,0
DA:79,0
DA:82,0
DA:83,0
DA:85,0
DA:88,0
DA:92,0
DA:93,0
DA:94,0
DA:98,0
DA:101,0
DA:102,0
DA:106,0
DA:108,0
DA:120,0
DA:146,0
DA:175,0
DA:176,0
DA:191,1
LF:49
LH:15
BRDA:74,0,0,0
BRDA:74,0,1,0
BRDA:163,1,0,0
BRDA:163,1,1,0
BRDA:170,2,0,0
BRDA:170,2,1,0
BRDA:170,3,0,0
BRDA:170,3,1,0
BRF:8
BRH:0
end_of_record
